<?xml version="1.0" encoding="utf-8"?><testsuites name="pytest tests"><testsuite name="pytest" errors="0" failures="0" skipped="0" tests="10" time="1.215" timestamp="2026-05-26T17:42:27.887751+00:00" hostname="agent-env-5f97186e-cb53-4629-b589-b9ec8046ea9a"><testcase classname="backend.tests.test_hb_eid_api" name="test_sunnah_list" time="0.288" /><testcase classname="backend.tests.test_hb_eid_api" name="test_qurbani_guide" time="0.051" /><testcase classname="backend.tests.test_hb_eid_api" name="test_takbeer" time="0.050" /><testcase classname="backend.tests.test_hb_eid_api" name="test_dua_categories" time="0.047" /><testcase classname="backend.tests.test_hb_eid_api" name="test_duas_eid_category" time="0.046" /><testcase classname="backend.tests.test_hb_eid_api" name="test_duas_invalid_category" time="0.045" /><testcase classname="backend.tests.test_hb_eid_api" name="test_daily_hadith" time="0.048" /><testcase classname="backend.tests.test_hb_eid_api" name="test_eid_info" time="0.049" /><testcase classname="backend.tests.test_hb_eid_api" name="test_prayer_times" time="0.262" /><testcase classname="backend.tests.test_hb_eid_api" name="test_qibla" time="0.197" /></testsuite></testsuites>